<?xml version="1.0" encoding="UTF-8"?>
<testng-results skipped="0" failed="0" ignored="0" total="2" passed="2">
  <reporter-output>
  </reporter-output>
  <suite name="OpenCart TestSuite" duration-ms="42461" started-at="2021-10-22T07:23:06 IST" finished-at="2021-10-22T07:23:49 IST">
    <groups>
      <group name="regression">
        <method signature="TC_001_AccountRegistration.test_account_Registration()[pri:0, instance:testCases.TC_001_AccountRegistration@23d2a7e8]" name="test_account_Registration" class="testCases.TC_001_AccountRegistration"/>
      </group> <!-- regression -->
      <group name="sanity">
        <method signature="TC_002_Login.test_Login()[pri:0, instance:testCases.TC_002_Login@7a9273a8]" name="test_Login" class="testCases.TC_002_Login"/>
      </group> <!-- sanity -->
      <group name="master">
        <method signature="TC_001_AccountRegistration.test_account_Registration()[pri:0, instance:testCases.TC_001_AccountRegistration@23d2a7e8]" name="test_account_Registration" class="testCases.TC_001_AccountRegistration"/>
        <method signature="TC_002_Login.test_Login()[pri:0, instance:testCases.TC_002_Login@7a9273a8]" name="test_Login" class="testCases.TC_002_Login"/>
      </group> <!-- master -->
    </groups>
    <test name="OpenCart Tests" duration-ms="42461" started-at="2021-10-22T07:23:06 IST" finished-at="2021-10-22T07:23:49 IST">
      <class name="testCases.TC_001_AccountRegistration">
        <test-method status="PASS" signature="setup(java.lang.String)[pri:0, instance:testCases.TC_001_AccountRegistration@23d2a7e8]" name="setup" is-config="true" duration-ms="5417" started-at="2021-10-22T07:23:07 IST" finished-at="2021-10-22T07:23:12 IST">
          <params>
            <param index="0">
              <value>
                <![CDATA[chrome]]>
              </value>
            </param>
          </params>
          <reporter-output>
          </reporter-output>
        </test-method> <!-- setup -->
        <test-method status="PASS" signature="test_account_Registration()[pri:0, instance:testCases.TC_001_AccountRegistration@23d2a7e8]" name="test_account_Registration" duration-ms="17249" started-at="2021-10-22T07:23:12 IST" finished-at="2021-10-22T07:23:29 IST">
          <reporter-output>
          </reporter-output>
        </test-method> <!-- test_account_Registration -->
        <test-method status="PASS" signature="teadDown()[pri:0, instance:testCases.TC_001_AccountRegistration@23d2a7e8]" name="teadDown" is-config="true" duration-ms="1742" started-at="2021-10-22T07:23:29 IST" finished-at="2021-10-22T07:23:31 IST">
          <reporter-output>
          </reporter-output>
        </test-method> <!-- teadDown -->
      </class> <!-- testCases.TC_001_AccountRegistration -->
      <class name="testCases.TC_002_Login">
        <test-method status="PASS" signature="setup(java.lang.String)[pri:0, instance:testCases.TC_002_Login@7a9273a8]" name="setup" is-config="true" duration-ms="1572" started-at="2021-10-22T07:23:31 IST" finished-at="2021-10-22T07:23:33 IST">
          <params>
            <param index="0">
              <value>
                <![CDATA[chrome]]>
              </value>
            </param>
          </params>
          <reporter-output>
          </reporter-output>
        </test-method> <!-- setup -->
        <test-method status="PASS" signature="test_Login()[pri:0, instance:testCases.TC_002_Login@7a9273a8]" name="test_Login" duration-ms="14772" started-at="2021-10-22T07:23:33 IST" finished-at="2021-10-22T07:23:47 IST">
          <reporter-output>
          </reporter-output>
        </test-method> <!-- test_Login -->
        <test-method status="PASS" signature="teadDown()[pri:0, instance:testCases.TC_002_Login@7a9273a8]" name="teadDown" is-config="true" duration-ms="1296" started-at="2021-10-22T07:23:47 IST" finished-at="2021-10-22T07:23:49 IST">
          <reporter-output>
          </reporter-output>
        </test-method> <!-- teadDown -->
      </class> <!-- testCases.TC_002_Login -->
    </test> <!-- OpenCart Tests -->
  </suite> <!-- OpenCart TestSuite -->
</testng-results>
